make all --print-data-base --no-builtin-variables --no-builtin-rules --question
# GNU Make 4.2.1
# Built for x86_64-pc-linux-gnu
# Copyright (C) 1988-2016 Free Software Foundation, Inc.
# License GPLv3+: GNU GPL version 3 or later <http://gnu.org/licenses/gpl.html>
# This is free software: you are free to change and redistribute it.
# There is NO WARRANTY, to the extent permitted by law.

# Make data base, printed on Fri Jan  6 13:56:21 2023

# Variables

# 'override' directive
GNUMAKEFLAGS := 
# automatic
<D = $(patsubst %/,%,$(dir $<))
# automatic
?F = $(notdir $?)
# environment
PAPERSIZE = a4
# environment
DESKTOP_SESSION = ubuntu
# default
.SHELLFLAGS := -c
# makefile (from 'Makefile', line 4)
OBJ = cpp/Server_main.o cpp/Server_func.o 
# environment
XDG_SESSION_CLASS = user
# environment
XDG_SESSION_TYPE = x11
# automatic
?D = $(patsubst %/,%,$(dir $?))
# environment
IM_CONFIG_PHASE = 1
# automatic
@D = $(patsubst %/,%,$(dir $@))
# environment
XAUTHORITY = /run/user/1000/gdm/Xauthority
# environment
GDMSESSION = ubuntu
# environment
XMODIFIERS = @im=ibus
# makefile
CURDIR := /home/dongocphat/Training/06-01-2023/Makefile/Server
# makefile
SHELL = /bin/sh
# environment
VSCODE_NLS_CONFIG = {"locale":"en-us","availableLanguages":{},"_languagePackSupport":true}
# environment
_ = /usr/share/code/code
# makefile (from 'Makefile', line 2)
CFLAGS = -I./h/
# environment
JOURNAL_STREAM = 8:42467
# environment
XDG_CONFIG_DIRS = /etc/xdg/xdg-ubuntu:/etc/xdg
# makefile (from 'Makefile', line 1)
MAKEFILE_LIST :=  Makefile
# automatic
@F = $(notdir $@)
# environment
GIO_LAUNCHED_DESKTOP_FILE = /usr/share/applications/code.desktop
# environment
USERNAME = dongocphat
# environment
MAKELEVEL := 0
# environment
XDG_DATA_DIRS = /usr/share/ubuntu:/usr/local/share/:/usr/share/:/var/lib/snapd/desktop
# environment
DBUS_SESSION_BUS_ADDRESS = unix:path=/run/user/1000/bus
# environment
MANAGERPID = 1319
# environment
LESSOPEN = | /usr/bin/lesspipe %s
# environment
LC_NAME = vi_VN
# environment
VSCODE_CWD = /home/dongocphat
# default
MAKE_HOST := x86_64-pc-linux-gnu
# environment
PATH = /usr/local/sbin:/usr/local/bin:/usr/sbin:/usr/bin:/sbin:/bin:/usr/games:/usr/local/games:/snap/bin
# environment
GPG_AGENT_INFO = /run/user/1000/gnupg/S.gpg-agent:0:1
# environment
GJS_DEBUG_OUTPUT = stderr
# environment
SESSION_MANAGER = local/Do-Ngoc-Phat:@/tmp/.ICE-unix/1535,unix/Do-Ngoc-Phat:/tmp/.ICE-unix/1535
# environment
XDG_RUNTIME_DIR = /run/user/1000
# environment
XDG_MENU_PREFIX = gnome-
# environment
ELECTRON_RUN_AS_NODE = 1
# environment
INVOCATION_ID = 2a5826919e7b48b19f7940a37d923678
# default
.FEATURES := target-specific order-only second-expansion else-if shortest-stem undefine oneshell archives jobserver output-sync check-symlink load
# environment
LS_COLORS = 
# environment
XDG_SESSION_DESKTOP = ubuntu
# environment
SSH_AUTH_SOCK = /run/user/1000/keyring/ssh
# environment
GIO_LAUNCHED_DESKTOP_FILE_PID = 88261
# automatic
%F = $(notdir $%)
# environment
DISPLAY = :0
# environment
PWD = /home/dongocphat/Training/06-01-2023/Makefile/Server
# default
.LOADED := 
# environment
SSH_AGENT_PID = 1498
# environment
ORIGINAL_XDG_CURRENT_DESKTOP = ubuntu:GNOME
# environment
GTK_MODULES = gail:atk-bridge
# environment
VSCODE_AMD_ENTRYPOINT = vs/workbench/api/node/extensionHostProcess
# environment
HOME = /home/dongocphat
# environment
LESSCLOSE = /usr/bin/lesspipe %s %s
# environment
VSCODE_CODE_CACHE_PATH = /home/dongocphat/.config/Code/CachedData/e8a3071ea4344d9d48ef8a4df2c097372b0c5161
# environment
LOGNAME = dongocphat
# environment
APPLICATION_INSIGHTS_NO_DIAGNOSTIC_CHANNEL = 1
# automatic
+F = $(notdir $+)
# environment
VSCODE_HANDLES_UNCAUGHT_ERRORS = true
# environment
GNOME_DESKTOP_SESSION_ID = this-is-deprecated
# automatic
^D = $(patsubst %/,%,$(dir $^))
# environment
LC_TIME = vi_VN
# default
MAKE = $(MAKE_COMMAND)
# default
MAKECMDGOALS := all
# environment
QT_IM_MODULE = ibus
# environment
SHLVL = 0
# makefile (from 'Makefile', line 1)
CC = gcc
# environment
GNOME_SHELL_SESSION_MODE = ubuntu
# default
MAKE_VERSION := 4.2.1
# environment
USER = dongocphat
# environment
LC_MONETARY = vi_VN
# makefile
.DEFAULT_GOAL := Server
# environment
XDG_CURRENT_DESKTOP = Unity
# automatic
%D = $(patsubst %/,%,$(dir $%))
# environment
LC_TELEPHONE = vi_VN
# default
MAKE_COMMAND := make
# default
.VARIABLES := 
# automatic
*F = $(notdir $*)
# environment
LANGUAGE = en_US:en
# environment
VSCODE_IPC_HOOK = /run/user/1000/vscode-2c5ceeb1-1.74.2-main.sock
# makefile
MAKEFLAGS = pqrR
# environment
MFLAGS = -pqrR
# automatic
*D = $(patsubst %/,%,$(dir $*))
# automatic
+D = $(patsubst %/,%,$(dir $+))
# environment
GDK_BACKEND = x11
# environment
LC_PAPER = vi_VN
# environment
NO_AT_BRIDGE = 1
# environment
QT_ACCESSIBILITY = 1
# default
MAKEFILES := 
# environment
LC_NUMERIC = vi_VN
# automatic
<F = $(notdir $<)
# environment
LC_MEASUREMENT = vi_VN
# environment
LC_ALL = C
# environment
GJS_DEBUG_TOPICS = JS ERROR;JS LOG
# automatic
^F = $(notdir $^)
# makefile (from 'Makefile', line 3)
DEPS = Server.h
# default
SUFFIXES := 
# environment
CHROME_DESKTOP = code-url-handler.desktop
# environment
WINDOWPATH = 2
# default
.INCLUDE_DIRS = /usr/include /usr/local/include /usr/include
# environment
LC_IDENTIFICATION = vi_VN
# default
.RECIPEPREFIX := 
# environment
LC_ADDRESS = vi_VN
# environment
LANG = C
# environment
VSCODE_PID = 88261
# variable set hash-table stats:
# Load=108/1024=11%, Rehash=0, Collisions=19/135=14%

# Pattern-specific Variable Values

# No pattern-specific variable values.

# Directories

# . (device 2050, inode 2623346): 7 files, no impossibilities.

# 7 files, no impossibilities in 1 directories.

# Implicit Rules

%o: %c Server.h
#  recipe to execute (from 'Makefile', line 7):
	$(CC) -c -o $@ $< $(CFLAGS) 

# 1 implicit rules, 0 (0.0%) terminal.

# Files

all:
#  Command line target.
#  Implicit rule search has been done.
#  File does not exist.
#  File has been updated.
#  Successfully updated.

# Not a target:
Makefile:
#  Implicit rule search has been done.
#  Last modified 2023-01-06 12:56:53.93402423
#  File has been updated.
#  Successfully updated.

Server: cpp/Server_main.o cpp/Server_func.o
#  Implicit rule search has not been done.
#  Modification time never checked.
#  File has not been updated.
#  recipe to execute (from 'Makefile', line 9):
	gcc -o $@ $^ $(CFLAGS)

# Not a target:
cpp/Server_main.o:
#  Implicit rule search has not been done.
#  Modification time never checked.
#  File has not been updated.

# Not a target:
.DEFAULT:
#  Implicit rule search has not been done.
 
#  Modification time never checked.
#  File has not been updated.

clean:
#  Implicit rule search has not been done.
#  Modification time never checked.
#  File has not been updated.
#  recipe to execute (from 'Makefile', line 14):
	rm -rf *.o Server src/*.o 

# Not a target:
cpp/Server_func.o:
#  Implicit rule search has not been done.
#  Modification time never checked.
#  File has not been updated.

# files hash-table stats:
# Load=8/1024=1%, Rehash=0, Collisions=0/21=0%
# VPATH Search Paths

# No 'vpath' search paths.

# No general ('VPATH' variable) search path.

# strcache buffers: 1 (0) / strings = 18 / storage = 147 B / avg = 8 B
# current buf: size = 8162 B / used = 147 B / count = 18 / avg = 8 B

# strcache performance: lookups = 27 / hit rate = 33%
# hash-table stats:
# Load=18/8192=0%, Rehash=0, Collisions=1/27=4%
# Finished Make data base on Fri Jan  6 13:56:21 2023

 
